[2025-06-23T17:41:53.903Z] GET /api/items?page=1&limit=10 500 - 50.836 ms
[2025-06-23T17:42:05.546Z] GET /api/items?page=1&limit=10 200 - 158.445 ms
[2025-06-23T18:05:07.225Z] GET /api/items?page=1&size=10&q= 200 - 11.199 ms
[2025-06-23T18:05:15.939Z] GET /api/items?page=1&size=10&q= 200 - 138.737 ms
[2025-06-23T18:05:18.347Z] GET /api/items?page=1&size=10&q=test 200 - 155.569 ms
[2025-06-23T18:05:20.806Z] GET /api/items?page=1&size=10&q= 200 - 156.126 ms
[2025-06-23T18:05:22.510Z] GET /api/items?page=1&size=10&q=lap 200 - 150.428 ms
[2025-06-23T18:05:23.920Z] GET /api/items?page=1&size=10&q= 200 - 144.868 ms
[2025-06-23T18:06:06.865Z] GET /api/items?page=1&size=10&q= 200 - 202.912 ms
[2025-06-23T18:06:16.204Z] GET /api/items?page=2&size=10&q= 200 - 117.587 ms
[2025-06-23T18:06:17.501Z] GET /api/items?page=3&size=10&q= 200 - 183.149 ms
[2025-06-23T18:06:18.185Z] GET /api/items?page=2&size=10&q= 304 - 160.161 ms
[2025-06-23T18:06:18.986Z] GET /api/items?page=1&size=10&q= 304 - 409.778 ms
[2025-06-23T18:06:57.801Z] GET /api/items?page=1&size=10&q=stand 200 - 136.336 ms
[2025-06-23T18:07:00.300Z] GET /api/items?page=1&size=10&q= 304 - 137.031 ms
[2025-06-23T18:10:09.513Z] GET /api/items?page=1&limit=50&q= 200 - 168.787 ms
[2025-06-23T18:10:11.686Z] GET /api/items?page=1&limit=50&q= 304 - 475.614 ms
[2025-06-23T18:10:24.101Z] GET /api/items?page=1&limit=10&q= - - - ms
[2025-06-23T18:10:24.216Z] GET /api/items?page=1&limit=10&q= 200 - 115.274 ms
[2025-06-23T18:10:26.512Z] GET /api/items?page=2&limit=10&q= 200 - 175.484 ms
[2025-06-23T18:10:27.360Z] GET /api/items?page=3&limit=10&q= 200 - 117.338 ms
[2025-06-23T18:10:28.081Z] GET /api/items?page=4&limit=10&q= 200 - 108.693 ms
[2025-06-23T18:10:31.408Z] GET /api/items?page=1&limit=10&q= - - - ms
[2025-06-23T18:10:31.552Z] GET /api/items?page=1&limit=10&q=lap 200 - 143.594 ms
[2025-06-23T18:10:34.713Z] GET /api/items?page=1&limit=10&q= 200 - 203.408 ms
